Using pre-set license
Built from '2021.3/staging' branch; Version is '2021.3.30f1 (b4360d7cdac4) revision 11810317'; Using compiler version '192829333'; Build Type 'Release'
OS: 'Windows 10  (10.0.19045) 64bit Education' Language: 'ko' Physical Memory: 16297 MB
BatchMode: 1, IsHumanControllingUs: 0, StartBugReporterOnCrash: 0, Is64bit: 1, IsPro: 1

COMMAND LINE ARGUMENTS:
C:\Program Files\Unity\Hub\Editor\2021.3.30f1\Editor\Unity.exe
-adb2
-batchMode
-noUpm
-name
AssetImportWorker9
-projectPath
C:/Users/Administrator/Desktop/2DGame/Special Force
-logFile
Logs/AssetImportWorker9.log
-srvPort
49805
Successfully changed project path to: C:/Users/Administrator/Desktop/2DGame/Special Force
C:/Users/Administrator/Desktop/2DGame/Special Force
[UnityMemory] Configuration Parameters - Can be set up in boot.config
    "memorysetup-bucket-allocator-granularity=16"
    "memorysetup-bucket-allocator-bucket-count=8"
    "memorysetup-bucket-allocator-block-size=33554432"
    "memorysetup-bucket-allocator-block-count=8"
    "memorysetup-main-allocator-block-size=16777216"
    "memorysetup-thread-allocator-block-size=16777216"
    "memorysetup-gfx-main-allocator-block-size=16777216"
    "memorysetup-gfx-thread-allocator-block-size=16777216"
    "memorysetup-cache-allocator-block-size=4194304"
    "memorysetup-typetree-allocator-block-size=2097152"
    "memorysetup-profiler-bucket-allocator-granularity=16"
    "memorysetup-profiler-bucket-allocator-bucket-count=8"
    "memorysetup-profiler-bucket-allocator-block-size=33554432"
    "memorysetup-profiler-bucket-allocator-block-count=8"
    "memorysetup-profiler-allocator-block-size=16777216"
    "memorysetup-profiler-editor-allocator-block-size=1048576"
    "memorysetup-temp-allocator-size-main=16777216"
    "memorysetup-job-temp-allocator-block-size=2097152"
    "memorysetup-job-temp-allocator-block-size-background=1048576"
    "memorysetup-job-temp-allocator-reduction-small-platforms=262144"
    "memorysetup-temp-allocator-size-background-worker=32768"
    "memorysetup-temp-allocator-size-job-worker=262144"
    "memorysetup-temp-allocator-size-preload-manager=33554432"
    "memorysetup-temp-allocator-size-nav-mesh-worker=65536"
    "memorysetup-temp-allocator-size-audio-worker=65536"
    "memorysetup-temp-allocator-size-cloud-worker=32768"
    "memorysetup-temp-allocator-size-gi-baking-worker=262144"
    "memorysetup-temp-allocator-size-gfx=262144"
Player connection [19536] Host "[IP] 192.168.0.111 [Port] 0 [Flags] 2 [Guid] 3712309087 [EditorId] 3712309087 [Version] 1048832 [Id] WindowsEditor(7,I-13) [Debug] 1 [PackageName] WindowsEditor [ProjectName] Editor" joined multi-casting on [225.0.0.222:54997]...

Player connection [19536] Host "[IP] 192.168.0.111 [Port] 0 [Flags] 2 [Guid] 3712309087 [EditorId] 3712309087 [Version] 1048832 [Id] WindowsEditor(7,I-13) [Debug] 1 [PackageName] WindowsEditor [ProjectName] Editor" joined alternative multi-casting on [225.0.0.222:34997]...

[Physics::Module] Initialized MultithreadedJobDispatcher with {0} workers.
Refreshing native plugins compatible for Editor in 86.99 ms, found 4 plugins.
Preloading 0 native plugins for Editor in 0.00 ms.
Initialize engine version: 2021.3.30f1 (b4360d7cdac4)
[Subsystems] Discovering subsystems at path C:/Program Files/Unity/Hub/Editor/2021.3.30f1/Editor/Data/Resources/UnitySubsystems
[Subsystems] Discovering subsystems at path C:/Users/Administrator/Desktop/2DGame/Special Force/Assets
GfxDevice: creating device client; threaded=0; jobified=0
Direct3D:
    Version:  Direct3D 11.0 [level 11.1]
    Renderer: NVIDIA GeForce GTX 1660 (ID=0x2184)
    Vendor:   NVIDIA
    VRAM:     5980 MB
    Driver:   31.0.15.3623
Initialize mono
Mono path[0] = 'C:/Program Files/Unity/Hub/Editor/2021.3.30f1/Editor/Data/Managed'
Mono path[1] = 'C:/Program Files/Unity/Hub/Editor/2021.3.30f1/Editor/Data/MonoBleedingEdge/lib/mono/unityjit-win32'
Mono config path = 'C:/Program Files/Unity/Hub/Editor/2021.3.30f1/Editor/Data/MonoBleedingEdge/etc'
Using monoOptions --debugger-agent=transport=dt_socket,embedding=1,server=y,suspend=n,address=127.0.0.1:56540
Begin MonoManager ReloadAssembly
Registering precompiled unity dll's ...
Register platform support module: C:/Program Files/Unity/Hub/Editor/2021.3.30f1/Editor/Data/PlaybackEngines/AndroidPlayer/UnityEditor.Android.Extensions.dll
Register platform support module: C:/Program Files/Unity/Hub/Editor/2021.3.30f1/Editor/Data/PlaybackEngines/WindowsStandaloneSupport/UnityEditor.WindowsStandalone.Extensions.dll
Registered in 0.003752 seconds.
Native extension for WindowsStandalone target not found
Native extension for Android target not found
Android Extension - Scanning For ADB Devices 163 ms
Refreshing native plugins compatible for Editor in 81.83 ms, found 4 plugins.
Preloading 0 native plugins for Editor in 0.00 ms.
Mono: successfully reloaded assembly
- Completed reload, in  0.757 seconds
Domain Reload Profiling:
	ReloadAssembly (757ms)
		BeginReloadAssembly (78ms)
			ExecutionOrderSort (0ms)
			DisableScriptedObjects (0ms)
			BackupInstance (0ms)
			ReleaseScriptingObjects (0ms)
			CreateAndSetChildDomain (1ms)
		EndReloadAssembly (593ms)
			LoadAssemblies (77ms)
			RebuildTransferFunctionScriptingTraits (0ms)
			SetupTypeCache (99ms)
			ReleaseScriptCaches (0ms)
			RebuildScriptCaches (26ms)
			SetupLoadedEditorAssemblies (434ms)
				LogAssemblyErrors (0ms)
				InitializePlatformSupportModulesInManaged (239ms)
				SetLoadedEditorAssemblies (0ms)
				RefreshPlugins (82ms)
				BeforeProcessingInitializeOnLoad (1ms)
				ProcessInitializeOnLoadAttributes (74ms)
				ProcessInitializeOnLoadMethodAttributes (38ms)
				AfterProcessingInitializeOnLoad (0ms)
				EditorAssembliesLoaded (0ms)
			ExecutionOrderSort2 (0ms)
			AwakeInstancesAfterBackupRestoration (0ms)
Platform modules already initialized, skipping
Registering precompiled user dll's ...
Registered in 0.003552 seconds.
Begin MonoManager ReloadAssembly
Native extension for WindowsStandalone target not found
Native extension for Android target not found
Refreshing native plugins compatible for Editor in 79.51 ms, found 4 plugins.
Preloading 0 native plugins for Editor in 0.00 ms.
Package Manager log level set to [2]
[Package Manager] Server::EnsureServerProcessIsRunning -- launch failed, reason: Unity was launched with the -noUpm command-line argument
[Package Manager] Cannot connect to Unity Package Manager local server
Mono: successfully reloaded assembly
- Completed reload, in  1.355 seconds
Domain Reload Profiling:
	ReloadAssembly (1356ms)
		BeginReloadAssembly (111ms)
			ExecutionOrderSort (0ms)
			DisableScriptedObjects (5ms)
			BackupInstance (0ms)
			ReleaseScriptingObjects (0ms)
			CreateAndSetChildDomain (18ms)
		EndReloadAssembly (1162ms)
			LoadAssemblies (83ms)
			RebuildTransferFunctionScriptingTraits (0ms)
			SetupTypeCache (201ms)
			ReleaseScriptCaches (1ms)
			RebuildScriptCaches (55ms)
			SetupLoadedEditorAssemblies (806ms)
				LogAssemblyErrors (0ms)
				InitializePlatformSupportModulesInManaged (17ms)
				SetLoadedEditorAssemblies (0ms)
				RefreshPlugins (80ms)
				BeforeProcessingInitializeOnLoad (80ms)
				ProcessInitializeOnLoadAttributes (590ms)
				ProcessInitializeOnLoadMethodAttributes (36ms)
				AfterProcessingInitializeOnLoad (3ms)
				EditorAssembliesLoaded (0ms)
			ExecutionOrderSort2 (0ms)
			AwakeInstancesAfterBackupRestoration (4ms)
Platform modules already initialized, skipping
========================================================================
Worker process is ready to serve import requests
Launched and connected shader compiler UnityShaderCompiler.exe after 0.03 seconds
Refreshing native plugins compatible for Editor in 0.78 ms, found 4 plugins.
Preloading 0 native plugins for Editor in 0.00 ms.
Unloading 3801 Unused Serialized files (Serialized files now loaded: 0)
Unloading 35 unused Assets / (46.3 KB). Loaded Objects now: 4263.
Memory consumption went from 153.7 MB to 153.6 MB.
Total: 2.786800 ms (FindLiveObjects: 0.296500 ms CreateObjectMapping: 0.212700 ms MarkObjects: 2.219100 ms  DeleteObjects: 0.057900 ms)

AssetImportParameters requested are different than current active one (requested -> active):
  custom:video-decoder-ogg-theora: a1e56fd34408186e4bbccfd4996cb3dc -> 
  custom:container-muxer-webm: aa71ff27fc2769a1b78a27578f13a17b -> 
  custom:container-demuxer-webm: 4f35f7cbe854078d1ac9338744f61a02 -> 
  custom:video-encoder-webm-vp8: eb34c28f22e8b96e1ab97ce403110664 -> 
  custom:CustomObjectIndexerAttribute: bc11b3a6c3213fcdd17b65e7da85e133 -> 
  custom:audio-encoder-webm-vorbis: bf7c407c2cedff20999df2af8eb42d56 -> 
  custom:framework-win-MediaFoundation: 216162199b28c13a410421893ffa2e32 -> 
  custom:SearchIndexIgnoredProperties: e643bd26f0fe6173181afceb89e7c659 -> 
  custom:container-demuxer-ogg: 62fdf1f143b41e24485cea50d1cbac27 -> 
  custom:video-decoder-webm-vp8: 9c59270c3fd7afecdb556c50c9e8de78 -> 
  custom:audio-decoder-ogg-vorbis: bf7c407c2cedff20999df2af8eb42d56 -> 
========================================================================
Received Import Request.
  Time since last request: 1709.866467 seconds.
  path: Assets/Enemy Galore 1 - Pixel Art/Sprites/Crab/Crab_AttackA_FX.png
  artifactKey: Guid(25f36137d1a3f58498a1e8c33a9589ed) Importer(815301076,1909f56bfc062723c751e8b465ee728b)
Number of updated assets reloaded before import = 0
Start importing Assets/Enemy Galore 1 - Pixel Art/Sprites/Crab/Crab_AttackA_FX.png using Guid(25f36137d1a3f58498a1e8c33a9589ed) Importer(815301076,1909f56bfc062723c751e8b465ee728b)  -> (artifact id: '1d126015acf1834d77af5517005b418c') in 0.090583 seconds 
Number of asset objects unloaded after import = 5
========================================================================
Received Import Request.
  Time since last request: 0.000023 seconds.
  path: Assets/Enemy Galore 1 - Pixel Art/Sprites/Crab/Crab_AttackC.png
  artifactKey: Guid(7c8902e8ebea147499b68bcb3cd51ec4) Importer(815301076,1909f56bfc062723c751e8b465ee728b)
Number of updated assets reloaded before import = 0
Start importing Assets/Enemy Galore 1 - Pixel Art/Sprites/Crab/Crab_AttackC.png using Guid(7c8902e8ebea147499b68bcb3cd51ec4) Importer(815301076,1909f56bfc062723c751e8b465ee728b)  -> (artifact id: 'a5f61a15fd5daf0a9eb1c8509fa5e00b') in 0.102275 seconds 
Number of asset objects unloaded after import = 13
========================================================================
Received Import Request.
  Time since last request: 5.211165 seconds.
  path: Assets/Enemy Galore 1 - Pixel Art/Sprites/Crab/Crab_AttackA_FX.png
  artifactKey: Guid(25f36137d1a3f58498a1e8c33a9589ed) Importer(815301076,1909f56bfc062723c751e8b465ee728b)
Number of updated assets reloaded before import = 0
Start importing Assets/Enemy Galore 1 - Pixel Art/Sprites/Crab/Crab_AttackA_FX.png using Guid(25f36137d1a3f58498a1e8c33a9589ed) Importer(815301076,1909f56bfc062723c751e8b465ee728b)  -> (artifact id: 'ce9a4e512606a0254d7f334da9ccc743') in 0.039809 seconds 
Number of asset objects unloaded after import = 5
========================================================================
Received Import Request.
  Time since last request: 0.000025 seconds.
  path: Assets/Enemy Galore 1 - Pixel Art/Sprites/Crab/Crab_Death.png
  artifactKey: Guid(dfce3acb0e540424e86667982645eae1) Importer(815301076,1909f56bfc062723c751e8b465ee728b)
Number of updated assets reloaded before import = 0
Start importing Assets/Enemy Galore 1 - Pixel Art/Sprites/Crab/Crab_Death.png using Guid(dfce3acb0e540424e86667982645eae1) Importer(815301076,1909f56bfc062723c751e8b465ee728b)  -> (artifact id: 'ae4662a1aa7212cd3f8daf2fdb7b1bba') in 0.063729 seconds 
Number of asset objects unloaded after import = 7
========================================================================
Received Import Request.
  Time since last request: 0.000035 seconds.
  path: Assets/Enemy Galore 1 - Pixel Art/Sprites/Crab/Crab_Full_FX.png
  artifactKey: Guid(c836c03bda3320b4b8d860ca34ab9377) Importer(815301076,1909f56bfc062723c751e8b465ee728b)
Number of updated assets reloaded before import = 0
Start importing Assets/Enemy Galore 1 - Pixel Art/Sprites/Crab/Crab_Full_FX.png using Guid(c836c03bda3320b4b8d860ca34ab9377) Importer(815301076,1909f56bfc062723c751e8b465ee728b)  -> (artifact id: 'a5106e25229dd08f282bdc62455cc803') in 0.226844 seconds 
Number of asset objects unloaded after import = 49
========================================================================
Received Import Request.
  Time since last request: 1.677165 seconds.
  path: Assets/Enemy Galore 1 - Pixel Art/Sprites/Bat/Bat_Death.png
  artifactKey: Guid(68443b992fb0f5a469c8c52f3d22de74) Importer(815301076,1909f56bfc062723c751e8b465ee728b)
Number of updated assets reloaded before import = 0
Start importing Assets/Enemy Galore 1 - Pixel Art/Sprites/Bat/Bat_Death.png using Guid(68443b992fb0f5a469c8c52f3d22de74) Importer(815301076,1909f56bfc062723c751e8b465ee728b)  -> (artifact id: '9776f4afa08601b746a40ffacf969b8a') in 0.036577 seconds 
Number of asset objects unloaded after import = 13
========================================================================
Received Import Request.
  Time since last request: 0.000033 seconds.
  path: Assets/Enemy Galore 1 - Pixel Art/Sprites/Bat/Bat_Hit.png
  artifactKey: Guid(49f9cfba514d554418bd41fa043df9ae) Importer(815301076,1909f56bfc062723c751e8b465ee728b)
Number of updated assets reloaded before import = 0
Start importing Assets/Enemy Galore 1 - Pixel Art/Sprites/Bat/Bat_Hit.png using Guid(49f9cfba514d554418bd41fa043df9ae) Importer(815301076,1909f56bfc062723c751e8b465ee728b)  -> (artifact id: '8f01a2a7b9e13418e3d0d7cc0e108faa') in 0.023613 seconds 
Number of asset objects unloaded after import = 7
========================================================================
Received Import Request.
  Time since last request: 4.805257 seconds.
  path: Assets/Enemy Galore 1 - Pixel Art/Sprites/Bat/Bat_Death_FX.png
  artifactKey: Guid(02ad04bd8af738b44944e0203101294a) Importer(815301076,1909f56bfc062723c751e8b465ee728b)
Number of updated assets reloaded before import = 0
Start importing Assets/Enemy Galore 1 - Pixel Art/Sprites/Bat/Bat_Death_FX.png using Guid(02ad04bd8af738b44944e0203101294a) Importer(815301076,1909f56bfc062723c751e8b465ee728b)  -> (artifact id: '376a5ae1ac3ef3ba2cba7adeec2a78d9') in 0.039208 seconds 
Number of asset objects unloaded after import = 5
========================================================================
Received Import Request.
  Time since last request: 0.000020 seconds.
  path: Assets/Enemy Galore 1 - Pixel Art/Sprites/Bat/Bat_Full.png
  artifactKey: Guid(4c92fdf190c298f43a958ea64410319e) Importer(815301076,1909f56bfc062723c751e8b465ee728b)
Number of updated assets reloaded before import = 0
Start importing Assets/Enemy Galore 1 - Pixel Art/Sprites/Bat/Bat_Full.png using Guid(4c92fdf190c298f43a958ea64410319e) Importer(815301076,1909f56bfc062723c751e8b465ee728b)  -> (artifact id: 'ee694ed9e93f22b697b3ac3bbbf878c1') in 0.121683 seconds 
Number of asset objects unloaded after import = 25
========================================================================
Received Import Request.
  Time since last request: 8.359025 seconds.
  path: Assets/Enemy Galore 1 - Pixel Art/Sprites/Golem/Golem_AttackB.png
  artifactKey: Guid(25a3186823579f342b2398d96f6e55a6) Importer(815301076,1909f56bfc062723c751e8b465ee728b)
Number of updated assets reloaded before import = 0
Start importing Assets/Enemy Galore 1 - Pixel Art/Sprites/Golem/Golem_AttackB.png using Guid(25a3186823579f342b2398d96f6e55a6) Importer(815301076,1909f56bfc062723c751e8b465ee728b)  -> (artifact id: 'c6078669ec6b0f1d8fc23ca5886f05a8') in 0.057974 seconds 
Number of asset objects unloaded after import = 9
========================================================================
Received Import Request.
  Time since last request: 0.000023 seconds.
  path: Assets/Enemy Galore 1 - Pixel Art/Sprites/Golem/Golem_AttackC_FX.png
  artifactKey: Guid(0fce656a58beddd4d86173daba054182) Importer(815301076,1909f56bfc062723c751e8b465ee728b)
Number of updated assets reloaded before import = 0
Start importing Assets/Enemy Galore 1 - Pixel Art/Sprites/Golem/Golem_AttackC_FX.png using Guid(0fce656a58beddd4d86173daba054182) Importer(815301076,1909f56bfc062723c751e8b465ee728b)  -> (artifact id: '3e69939cf4cc6f04ef458980e3fe1676') in 0.039432 seconds 
Number of asset objects unloaded after import = 6
========================================================================
Received Import Request.
  Time since last request: 0.000052 seconds.
  path: Assets/Enemy Galore 1 - Pixel Art/Sprites/Golem/Golem_HitA.png
  artifactKey: Guid(7dd2aa84cec85bf4a809b9f0a2a469e7) Importer(815301076,1909f56bfc062723c751e8b465ee728b)
Number of updated assets reloaded before import = 0
Start importing Assets/Enemy Galore 1 - Pixel Art/Sprites/Golem/Golem_HitA.png using Guid(7dd2aa84cec85bf4a809b9f0a2a469e7) Importer(815301076,1909f56bfc062723c751e8b465ee728b)  -> (artifact id: 'ce862217475c21081877dbfbc45fa121') in 0.027640 seconds 
Number of asset objects unloaded after import = 7
========================================================================
Received Import Request.
  Time since last request: 0.000016 seconds.
  path: Assets/Enemy Galore 1 - Pixel Art/Sprites/Golem/Golem_IdleA.png
  artifactKey: Guid(6946cd59d8c7e234f851a23d8ce98454) Importer(815301076,1909f56bfc062723c751e8b465ee728b)
Number of updated assets reloaded before import = 0
Start importing Assets/Enemy Galore 1 - Pixel Art/Sprites/Golem/Golem_IdleA.png using Guid(6946cd59d8c7e234f851a23d8ce98454) Importer(815301076,1909f56bfc062723c751e8b465ee728b)  -> (artifact id: 'f53354773d9b225e580842a5d5d14beb') in 0.024395 seconds 
Number of asset objects unloaded after import = 6
========================================================================
Received Import Request.
  Time since last request: 0.000027 seconds.
  path: Assets/Enemy Galore 1 - Pixel Art/Sprites/Golem/Golem_AttackC.png
  artifactKey: Guid(6698b0b849edea54cb05f5307dec4a0e) Importer(815301076,1909f56bfc062723c751e8b465ee728b)
Number of updated assets reloaded before import = 0
Start importing Assets/Enemy Galore 1 - Pixel Art/Sprites/Golem/Golem_AttackC.png using Guid(6698b0b849edea54cb05f5307dec4a0e) Importer(815301076,1909f56bfc062723c751e8b465ee728b)  -> (artifact id: '4d243e3ff947582beb10d5191872cc74') in 0.017235 seconds 
Number of asset objects unloaded after import = 7
========================================================================
Received Import Request.
  Time since last request: 0.000018 seconds.
  path: Assets/Enemy Galore 1 - Pixel Art/Sprites/Golem/Golem_Full.png
  artifactKey: Guid(74061816db95d48429e43602c667685d) Importer(815301076,1909f56bfc062723c751e8b465ee728b)
Number of updated assets reloaded before import = 0
Start importing Assets/Enemy Galore 1 - Pixel Art/Sprites/Golem/Golem_Full.png using Guid(74061816db95d48429e43602c667685d) Importer(815301076,1909f56bfc062723c751e8b465ee728b)  -> (artifact id: 'e94aa9c47e519824ff93a0a72662ca26') in 0.103775 seconds 
Number of asset objects unloaded after import = 76
========================================================================
Received Import Request.
  Time since last request: 1.287670 seconds.
  path: Assets/Enemy Galore 1 - Pixel Art/Sprites/Pebble/Pebble_Hit.png
  artifactKey: Guid(3f2b9fa17f592fa4fb2597d22cfd6192) Importer(815301076,1909f56bfc062723c751e8b465ee728b)
Number of updated assets reloaded before import = 0
Start importing Assets/Enemy Galore 1 - Pixel Art/Sprites/Pebble/Pebble_Hit.png using Guid(3f2b9fa17f592fa4fb2597d22cfd6192) Importer(815301076,1909f56bfc062723c751e8b465ee728b)  -> (artifact id: '30a5e62aaf771e5a28a0ce10801b2301') in 0.019686 seconds 
Number of asset objects unloaded after import = 7
========================================================================
Received Import Request.
  Time since last request: 5.858703 seconds.
  path: Assets/Enemy Galore 1 - Pixel Art/Sprites/Pebble/Pebble_Hit.png
  artifactKey: Guid(3f2b9fa17f592fa4fb2597d22cfd6192) Importer(815301076,1909f56bfc062723c751e8b465ee728b)
Number of updated assets reloaded before import = 0
Start importing Assets/Enemy Galore 1 - Pixel Art/Sprites/Pebble/Pebble_Hit.png using Guid(3f2b9fa17f592fa4fb2597d22cfd6192) Importer(815301076,1909f56bfc062723c751e8b465ee728b)  -> (artifact id: 'f4cab44dd2152c52358015f4b05f6443') in 0.036806 seconds 
Number of asset objects unloaded after import = 7
========================================================================
Received Import Request.
  Time since last request: 2.266507 seconds.
  path: Assets/Enemy Galore 1 - Pixel Art/Sprites/Rat/Rat_Attack_FX.png
  artifactKey: Guid(9f4666dd2c43d6c4eabd7fca76affcec) Importer(815301076,1909f56bfc062723c751e8b465ee728b)
Number of updated assets reloaded before import = 0
Start importing Assets/Enemy Galore 1 - Pixel Art/Sprites/Rat/Rat_Attack_FX.png using Guid(9f4666dd2c43d6c4eabd7fca76affcec) Importer(815301076,1909f56bfc062723c751e8b465ee728b)  -> (artifact id: '95683a6e0cadb590eff1c08a1e34a7dc') in 0.030790 seconds 
Number of asset objects unloaded after import = 7
========================================================================
Received Import Request.
  Time since last request: 0.000027 seconds.
  path: Assets/Enemy Galore 1 - Pixel Art/Sprites/Rat/Rat_Hit.png
  artifactKey: Guid(248ce9d57dcc13a419fe64dcfa5ab45a) Importer(815301076,1909f56bfc062723c751e8b465ee728b)
Number of updated assets reloaded before import = 0
Start importing Assets/Enemy Galore 1 - Pixel Art/Sprites/Rat/Rat_Hit.png using Guid(248ce9d57dcc13a419fe64dcfa5ab45a) Importer(815301076,1909f56bfc062723c751e8b465ee728b)  -> (artifact id: '69ed4d0056964d6a6322aaab625eb19a') in 0.038909 seconds 
Number of asset objects unloaded after import = 6
========================================================================
Received Import Request.
  Time since last request: 0.000018 seconds.
  path: Assets/Enemy Galore 1 - Pixel Art/Sprites/Rat/Rat_Death_FX.png
  artifactKey: Guid(ceb49d51625b9e349baca35d6f527cb5) Importer(815301076,1909f56bfc062723c751e8b465ee728b)
Number of updated assets reloaded before import = 0
Start importing Assets/Enemy Galore 1 - Pixel Art/Sprites/Rat/Rat_Death_FX.png using Guid(ceb49d51625b9e349baca35d6f527cb5) Importer(815301076,1909f56bfc062723c751e8b465ee728b)  -> (artifact id: '658b46e7bc5d60f51eac6c20ddd86e9c') in 0.031121 seconds 
Number of asset objects unloaded after import = 4
========================================================================
Received Import Request.
  Time since last request: 0.000030 seconds.
  path: Assets/Enemy Galore 1 - Pixel Art/Sprites/Rat/Rat_Full_FX.png
  artifactKey: Guid(644b5e0fc2845cd42961d91d1151e072) Importer(815301076,1909f56bfc062723c751e8b465ee728b)
Number of updated assets reloaded before import = 0
Start importing Assets/Enemy Galore 1 - Pixel Art/Sprites/Rat/Rat_Full_FX.png using Guid(644b5e0fc2845cd42961d91d1151e072) Importer(815301076,1909f56bfc062723c751e8b465ee728b)  -> (artifact id: '94b0be7602abd9dfe783f754a9940023') in 0.115571 seconds 
Number of asset objects unloaded after import = 37
========================================================================
Received Import Request.
  Time since last request: 5.464391 seconds.
  path: Assets/Enemy Galore 1 - Pixel Art/Sprites/Rat/Rat_Death.png
  artifactKey: Guid(47ccfa2097f32dc48988cbecb76d03de) Importer(815301076,1909f56bfc062723c751e8b465ee728b)
Number of updated assets reloaded before import = 0
Start importing Assets/Enemy Galore 1 - Pixel Art/Sprites/Rat/Rat_Death.png using Guid(47ccfa2097f32dc48988cbecb76d03de) Importer(815301076,1909f56bfc062723c751e8b465ee728b)  -> (artifact id: 'ad38930eb49b8e3c1ec5d94a8601b4cc') in 0.045709 seconds 
Number of asset objects unloaded after import = 7
========================================================================
Received Import Request.
  Time since last request: 0.000015 seconds.
  path: Assets/Enemy Galore 1 - Pixel Art/Sprites/Rat/Rat_Full.png
  artifactKey: Guid(7be043c3b72768345bd8bda8237aa21d) Importer(815301076,1909f56bfc062723c751e8b465ee728b)
Number of updated assets reloaded before import = 0
Start importing Assets/Enemy Galore 1 - Pixel Art/Sprites/Rat/Rat_Full.png using Guid(7be043c3b72768345bd8bda8237aa21d) Importer(815301076,1909f56bfc062723c751e8b465ee728b)  -> (artifact id: 'b58c4800caa330898acd75eb43e0a264') in 0.144359 seconds 
Number of asset objects unloaded after import = 36
========================================================================
Received Import Request.
  Time since last request: 2.352855 seconds.
  path: Assets/Enemy Galore 1 - Pixel Art/Sprites/Reinforced Golem/Golem_Armor_AttackA.png
  artifactKey: Guid(38d9e19709461bc47bd5b6e570f9e4ed) Importer(815301076,1909f56bfc062723c751e8b465ee728b)
Number of updated assets reloaded before import = 0
Start importing Assets/Enemy Galore 1 - Pixel Art/Sprites/Reinforced Golem/Golem_Armor_AttackA.png using Guid(38d9e19709461bc47bd5b6e570f9e4ed) Importer(815301076,1909f56bfc062723c751e8b465ee728b)  -> (artifact id: 'a6f94e669ba78dea376ab9cc34b4f24c') in 0.042030 seconds 
Number of asset objects unloaded after import = 13
========================================================================
Received Import Request.
  Time since last request: 0.000026 seconds.
  path: Assets/Enemy Galore 1 - Pixel Art/Sprites/Reinforced Golem/Golem_Armor_AttackC.png
  artifactKey: Guid(273d82119a8c53f4ba15c517f58e978f) Importer(815301076,1909f56bfc062723c751e8b465ee728b)
Number of updated assets reloaded before import = 0
Start importing Assets/Enemy Galore 1 - Pixel Art/Sprites/Reinforced Golem/Golem_Armor_AttackC.png using Guid(273d82119a8c53f4ba15c517f58e978f) Importer(815301076,1909f56bfc062723c751e8b465ee728b)  -> (artifact id: 'd7d2a38a545bffb1254865d7bfabfc67') in 0.071311 seconds 
Number of asset objects unloaded after import = 12
========================================================================
Received Import Request.
  Time since last request: 0.000025 seconds.
  path: Assets/Enemy Galore 1 - Pixel Art/Sprites/Reinforced Golem/Golem_Armor_AttackC_FX.png
  artifactKey: Guid(51d8c575a1071dc4c84794e1264c83d6) Importer(815301076,1909f56bfc062723c751e8b465ee728b)
Number of updated assets reloaded before import = 0
Start importing Assets/Enemy Galore 1 - Pixel Art/Sprites/Reinforced Golem/Golem_Armor_AttackC_FX.png using Guid(51d8c575a1071dc4c84794e1264c83d6) Importer(815301076,1909f56bfc062723c751e8b465ee728b)  -> (artifact id: '5ef3108ab0a0a2a66ac17838a1e610ed') in 0.044020 seconds 
Number of asset objects unloaded after import = 5
========================================================================
Received Import Request.
  Time since last request: 6.308898 seconds.
  path: Assets/Enemy Galore 1 - Pixel Art/Sprites/Reinforced Golem/Golem_Armor_AttackA.png
  artifactKey: Guid(38d9e19709461bc47bd5b6e570f9e4ed) Importer(815301076,1909f56bfc062723c751e8b465ee728b)
Number of updated assets reloaded before import = 0
Start importing Assets/Enemy Galore 1 - Pixel Art/Sprites/Reinforced Golem/Golem_Armor_AttackA.png using Guid(38d9e19709461bc47bd5b6e570f9e4ed) Importer(815301076,1909f56bfc062723c751e8b465ee728b)  -> (artifact id: '925a4f301c01080e9bd59902e390f870') in 0.077119 seconds 
Number of asset objects unloaded after import = 13
========================================================================
Received Import Request.
  Time since last request: 0.000027 seconds.
  path: Assets/Enemy Galore 1 - Pixel Art/Sprites/Reinforced Golem/Golem_Armor_Hit.png
  artifactKey: Guid(092babc07416d7a40bad34e57a35f408) Importer(815301076,1909f56bfc062723c751e8b465ee728b)
Number of updated assets reloaded before import = 0
Start importing Assets/Enemy Galore 1 - Pixel Art/Sprites/Reinforced Golem/Golem_Armor_Hit.png using Guid(092babc07416d7a40bad34e57a35f408) Importer(815301076,1909f56bfc062723c751e8b465ee728b)  -> (artifact id: '117c677d6e849537c4728b8d4c5865f4') in 0.053732 seconds 
Number of asset objects unloaded after import = 7
========================================================================
Received Import Request.
  Time since last request: 0.000018 seconds.
  path: Assets/Enemy Galore 1 - Pixel Art/Sprites/Reinforced Golem/Golem_Armor_Full_FX.png
  artifactKey: Guid(17d4906971d6bda4e933ec3e391815ea) Importer(815301076,1909f56bfc062723c751e8b465ee728b)
Number of updated assets reloaded before import = 0
Start importing Assets/Enemy Galore 1 - Pixel Art/Sprites/Reinforced Golem/Golem_Armor_Full_FX.png using Guid(17d4906971d6bda4e933ec3e391815ea) Importer(815301076,1909f56bfc062723c751e8b465ee728b)  -> (artifact id: 'e6646f34ee489a18eab7b9a6f7dfcc4c') in 0.145538 seconds 
Number of asset objects unloaded after import = 68
========================================================================
Received Import Request.
  Time since last request: 7.227403 seconds.
  path: Assets/Enemy Galore 1 - Pixel Art/Sprites/Skull/Bones_SingleSkull_Full.png
  artifactKey: Guid(64ad96356e64fc144985f65a85bc99dd) Importer(815301076,1909f56bfc062723c751e8b465ee728b)
Number of updated assets reloaded before import = 0
Start importing Assets/Enemy Galore 1 - Pixel Art/Sprites/Skull/Bones_SingleSkull_Full.png using Guid(64ad96356e64fc144985f65a85bc99dd) Importer(815301076,1909f56bfc062723c751e8b465ee728b)  -> (artifact id: '4e2e2d0136d4bee6fc0f729d26f3a1b8') in 0.161012 seconds 
Number of asset objects unloaded after import = 28
========================================================================
Received Import Request.
  Time since last request: 3.374959 seconds.
  path: Assets/Enemy Galore 1 - Pixel Art/Sprites/Spiked Slime/Slime_Spiked_Death.png
  artifactKey: Guid(3cb946402d415fe43999271253e984e0) Importer(815301076,1909f56bfc062723c751e8b465ee728b)
Number of updated assets reloaded before import = 0
Start importing Assets/Enemy Galore 1 - Pixel Art/Sprites/Spiked Slime/Slime_Spiked_Death.png using Guid(3cb946402d415fe43999271253e984e0) Importer(815301076,1909f56bfc062723c751e8b465ee728b)  -> (artifact id: '5c8f59e61a5d67a79211c7e819f5baa6') in 0.046463 seconds 
Number of asset objects unloaded after import = 8
========================================================================
Received Import Request.
  Time since last request: 0.000023 seconds.
  path: Assets/Enemy Galore 1 - Pixel Art/Sprites/Spiked Slime/Slime_Spiked_Full_FX.png
  artifactKey: Guid(0ba61f9dd40068e4999bb58f3c876283) Importer(815301076,1909f56bfc062723c751e8b465ee728b)
Number of updated assets reloaded before import = 0
Start importing Assets/Enemy Galore 1 - Pixel Art/Sprites/Spiked Slime/Slime_Spiked_Full_FX.png using Guid(0ba61f9dd40068e4999bb58f3c876283) Importer(815301076,1909f56bfc062723c751e8b465ee728b)  -> (artifact id: '3526de9a15e17c880f16551b874259be') in 0.153566 seconds 
Number of asset objects unloaded after import = 31
========================================================================
Received Import Request.
  Time since last request: 4.093595 seconds.
  path: Assets/Enemy Galore 1 - Pixel Art/Sprites/Spiked Slime/Slime_Spiked_Full.png
  artifactKey: Guid(ea66931b963ce0c43ac4a901a9bd2e62) Importer(815301076,1909f56bfc062723c751e8b465ee728b)
Number of updated assets reloaded before import = 0
Start importing Assets/Enemy Galore 1 - Pixel Art/Sprites/Spiked Slime/Slime_Spiked_Full.png using Guid(ea66931b963ce0c43ac4a901a9bd2e62) Importer(815301076,1909f56bfc062723c751e8b465ee728b)  -> (artifact id: 'd6177b1e2d0f7269995b32228363b56b') in 0.161071 seconds 
Number of asset objects unloaded after import = 29
Editor requested this worker to shutdown with reason: Scaling down because of idle timeout
AssetImportWorker is now disconnected from the server
Process exiting
Exiting without the bug reporter. Application will terminate with return code 0