Using pre-set license
Built from '2021.3/staging' branch; Version is '2021.3.30f1 (b4360d7cdac4) revision 11810317'; Using compiler version '192829333'; Build Type 'Release'
OS: 'Windows 10  (10.0.19045) 64bit Education' Language: 'ko' Physical Memory: 16297 MB
BatchMode: 1, IsHumanControllingUs: 0, StartBugReporterOnCrash: 0, Is64bit: 1, IsPro: 1

COMMAND LINE ARGUMENTS:
C:\Program Files\Unity\Hub\Editor\2021.3.30f1\Editor\Unity.exe
-adb2
-batchMode
-noUpm
-name
AssetImportWorker1
-projectPath
C:/Users/Administrator/Desktop/Special Force
-logFile
Logs/AssetImportWorker1.log
-srvPort
51826
Successfully changed project path to: C:/Users/Administrator/Desktop/Special Force
C:/Users/Administrator/Desktop/Special Force
[UnityMemory] Configuration Parameters - Can be set up in boot.config
    "memorysetup-bucket-allocator-granularity=16"
    "memorysetup-bucket-allocator-bucket-count=8"
    "memorysetup-bucket-allocator-block-size=33554432"
    "memorysetup-bucket-allocator-block-count=8"
    "memorysetup-main-allocator-block-size=16777216"
    "memorysetup-thread-allocator-block-size=16777216"
    "memorysetup-gfx-main-allocator-block-size=16777216"
    "memorysetup-gfx-thread-allocator-block-size=16777216"
    "memorysetup-cache-allocator-block-size=4194304"
    "memorysetup-typetree-allocator-block-size=2097152"
    "memorysetup-profiler-bucket-allocator-granularity=16"
    "memorysetup-profiler-bucket-allocator-bucket-count=8"
    "memorysetup-profiler-bucket-allocator-block-size=33554432"
    "memorysetup-profiler-bucket-allocator-block-count=8"
    "memorysetup-profiler-allocator-block-size=16777216"
    "memorysetup-profiler-editor-allocator-block-size=1048576"
    "memorysetup-temp-allocator-size-main=16777216"
    "memorysetup-job-temp-allocator-block-size=2097152"
    "memorysetup-job-temp-allocator-block-size-background=1048576"
    "memorysetup-job-temp-allocator-reduction-small-platforms=262144"
    "memorysetup-temp-allocator-size-background-worker=32768"
    "memorysetup-temp-allocator-size-job-worker=262144"
    "memorysetup-temp-allocator-size-preload-manager=33554432"
    "memorysetup-temp-allocator-size-nav-mesh-worker=65536"
    "memorysetup-temp-allocator-size-audio-worker=65536"
    "memorysetup-temp-allocator-size-cloud-worker=32768"
    "memorysetup-temp-allocator-size-gi-baking-worker=262144"
    "memorysetup-temp-allocator-size-gfx=262144"
Player connection [4172] Host "[IP] 192.168.0.111 [Port] 0 [Flags] 2 [Guid] 14418 [EditorId] 14418 [Version] 1048832 [Id] WindowsEditor(7,I-13) [Debug] 1 [PackageName] WindowsEditor [ProjectName] Editor" joined multi-casting on [225.0.0.222:54997]...

Player connection [4172] Host "[IP] 192.168.0.111 [Port] 0 [Flags] 2 [Guid] 14418 [EditorId] 14418 [Version] 1048832 [Id] WindowsEditor(7,I-13) [Debug] 1 [PackageName] WindowsEditor [ProjectName] Editor" joined alternative multi-casting on [225.0.0.222:34997]...

[Physics::Module] Initialized MultithreadedJobDispatcher with {0} workers.
Refreshing native plugins compatible for Editor in 78.58 ms, found 4 plugins.
Preloading 0 native plugins for Editor in 0.00 ms.
Initialize engine version: 2021.3.30f1 (b4360d7cdac4)
[Subsystems] Discovering subsystems at path C:/Program Files/Unity/Hub/Editor/2021.3.30f1/Editor/Data/Resources/UnitySubsystems
[Subsystems] Discovering subsystems at path C:/Users/Administrator/Desktop/Special Force/Assets
GfxDevice: creating device client; threaded=0; jobified=0
Direct3D:
    Version:  Direct3D 11.0 [level 11.1]
    Renderer: NVIDIA GeForce GTX 1660 (ID=0x2184)
    Vendor:   NVIDIA
    VRAM:     5980 MB
    Driver:   31.0.15.3623
Initialize mono
Mono path[0] = 'C:/Program Files/Unity/Hub/Editor/2021.3.30f1/Editor/Data/Managed'
Mono path[1] = 'C:/Program Files/Unity/Hub/Editor/2021.3.30f1/Editor/Data/MonoBleedingEdge/lib/mono/unityjit-win32'
Mono config path = 'C:/Program Files/Unity/Hub/Editor/2021.3.30f1/Editor/Data/MonoBleedingEdge/etc'
Using monoOptions --debugger-agent=transport=dt_socket,embedding=1,server=y,suspend=n,address=127.0.0.1:56888
Begin MonoManager ReloadAssembly
Registering precompiled unity dll's ...
Register platform support module: C:/Program Files/Unity/Hub/Editor/2021.3.30f1/Editor/Data/PlaybackEngines/AndroidPlayer/UnityEditor.Android.Extensions.dll
Register platform support module: C:/Program Files/Unity/Hub/Editor/2021.3.30f1/Editor/Data/PlaybackEngines/WindowsStandaloneSupport/UnityEditor.WindowsStandalone.Extensions.dll
Registered in 0.004100 seconds.
Native extension for WindowsStandalone target not found
Native extension for Android target not found
Android Extension - Scanning For ADB Devices 174 ms
Refreshing native plugins compatible for Editor in 80.07 ms, found 4 plugins.
Preloading 0 native plugins for Editor in 0.00 ms.
Mono: successfully reloaded assembly
- Completed reload, in  0.765 seconds
Domain Reload Profiling:
	ReloadAssembly (766ms)
		BeginReloadAssembly (81ms)
			ExecutionOrderSort (0ms)
			DisableScriptedObjects (0ms)
			BackupInstance (0ms)
			ReleaseScriptingObjects (0ms)
			CreateAndSetChildDomain (1ms)
		EndReloadAssembly (603ms)
			LoadAssemblies (80ms)
			RebuildTransferFunctionScriptingTraits (0ms)
			SetupTypeCache (93ms)
			ReleaseScriptCaches (0ms)
			RebuildScriptCaches (26ms)
			SetupLoadedEditorAssemblies (451ms)
				LogAssemblyErrors (0ms)
				InitializePlatformSupportModulesInManaged (253ms)
				SetLoadedEditorAssemblies (0ms)
				RefreshPlugins (80ms)
				BeforeProcessingInitializeOnLoad (1ms)
				ProcessInitializeOnLoadAttributes (72ms)
				ProcessInitializeOnLoadMethodAttributes (44ms)
				AfterProcessingInitializeOnLoad (0ms)
				EditorAssembliesLoaded (0ms)
			ExecutionOrderSort2 (0ms)
			AwakeInstancesAfterBackupRestoration (0ms)
Platform modules already initialized, skipping
Registering precompiled user dll's ...
Registered in 0.004142 seconds.
Begin MonoManager ReloadAssembly
Native extension for WindowsStandalone target not found
Native extension for Android target not found
Refreshing native plugins compatible for Editor in 81.48 ms, found 4 plugins.
Preloading 0 native plugins for Editor in 0.00 ms.
Package Manager log level set to [2]
[Package Manager] Server::EnsureServerProcessIsRunning -- launch failed, reason: Unity was launched with the -noUpm command-line argument
[Package Manager] Cannot connect to Unity Package Manager local server
Mono: successfully reloaded assembly
- Completed reload, in  1.407 seconds
Domain Reload Profiling:
	ReloadAssembly (1407ms)
		BeginReloadAssembly (112ms)
			ExecutionOrderSort (0ms)
			DisableScriptedObjects (6ms)
			BackupInstance (0ms)
			ReleaseScriptingObjects (0ms)
			CreateAndSetChildDomain (20ms)
		EndReloadAssembly (1210ms)
			LoadAssemblies (87ms)
			RebuildTransferFunctionScriptingTraits (0ms)
			SetupTypeCache (207ms)
			ReleaseScriptCaches (1ms)
			RebuildScriptCaches (55ms)
			SetupLoadedEditorAssemblies (835ms)
				LogAssemblyErrors (0ms)
				InitializePlatformSupportModulesInManaged (18ms)
				SetLoadedEditorAssemblies (0ms)
				RefreshPlugins (82ms)
				BeforeProcessingInitializeOnLoad (88ms)
				ProcessInitializeOnLoadAttributes (603ms)
				ProcessInitializeOnLoadMethodAttributes (40ms)
				AfterProcessingInitializeOnLoad (3ms)
				EditorAssembliesLoaded (0ms)
			ExecutionOrderSort2 (0ms)
			AwakeInstancesAfterBackupRestoration (4ms)
Platform modules already initialized, skipping
========================================================================
Worker process is ready to serve import requests
Launched and connected shader compiler UnityShaderCompiler.exe after 0.04 seconds
Refreshing native plugins compatible for Editor in 1.53 ms, found 4 plugins.
Preloading 0 native plugins for Editor in 0.00 ms.
Unloading 3797 Unused Serialized files (Serialized files now loaded: 0)
Unloading 35 unused Assets / (46.8 KB). Loaded Objects now: 4258.
Memory consumption went from 153.5 MB to 153.5 MB.
Total: 3.143300 ms (FindLiveObjects: 0.309600 ms CreateObjectMapping: 0.252100 ms MarkObjects: 2.512500 ms  DeleteObjects: 0.068400 ms)

AssetImportParameters requested are different than current active one (requested -> active):
  custom:video-decoder-ogg-theora: a1e56fd34408186e4bbccfd4996cb3dc -> 
  custom:container-muxer-webm: aa71ff27fc2769a1b78a27578f13a17b -> 
  custom:container-demuxer-webm: 4f35f7cbe854078d1ac9338744f61a02 -> 
  custom:video-encoder-webm-vp8: eb34c28f22e8b96e1ab97ce403110664 -> 
  custom:CustomObjectIndexerAttribute: bc11b3a6c3213fcdd17b65e7da85e133 -> 
  custom:audio-encoder-webm-vorbis: bf7c407c2cedff20999df2af8eb42d56 -> 
  custom:framework-win-MediaFoundation: 216162199b28c13a410421893ffa2e32 -> 
  custom:SearchIndexIgnoredProperties: e643bd26f0fe6173181afceb89e7c659 -> 
  custom:container-demuxer-ogg: 62fdf1f143b41e24485cea50d1cbac27 -> 
  custom:video-decoder-webm-vp8: 9c59270c3fd7afecdb556c50c9e8de78 -> 
  custom:audio-decoder-ogg-vorbis: bf7c407c2cedff20999df2af8eb42d56 -> 
========================================================================
Received Import Request.
  Time since last request: 5047.770288 seconds.
  path: Assets/COPY SPRIGHT/Comic Battle Royale
  artifactKey: Guid(07e4aca18b69b964ab775144f2132100) Importer(815301076,1909f56bfc062723c751e8b465ee728b)
Number of updated assets reloaded before import = 0
Start importing Assets/COPY SPRIGHT/Comic Battle Royale using Guid(07e4aca18b69b964ab775144f2132100) Importer(815301076,1909f56bfc062723c751e8b465ee728b)  -> (artifact id: 'fb6013ef2f2f501e031fc93b0b5f2d22') in 0.014601 seconds 
Number of asset objects unloaded after import = 0
========================================================================
Received Import Request.
  Time since last request: 0.000024 seconds.
  path: Assets/COPY SPRIGHT/Comic Battle Royale/2D Character - Astronaut
  artifactKey: Guid(5087a08e91344de8b64609eb1abe0434) Importer(815301076,1909f56bfc062723c751e8b465ee728b)
Number of updated assets reloaded before import = 0
Start importing Assets/COPY SPRIGHT/Comic Battle Royale/2D Character - Astronaut using Guid(5087a08e91344de8b64609eb1abe0434) Importer(815301076,1909f56bfc062723c751e8b465ee728b)  -> (artifact id: '07546b904c9bd717e98537ee90dd38da') in 0.009387 seconds 
Number of asset objects unloaded after import = 0
========================================================================
Received Import Request.
  Time since last request: 0.000032 seconds.
  path: Assets/COPY SPRIGHT/Comic Battle Royale/2D Character - Astronaut/Variant A
  artifactKey: Guid(90f694900ee04d2f9df6fc6360b37fec) Importer(815301076,1909f56bfc062723c751e8b465ee728b)
Number of updated assets reloaded before import = 0
Start importing Assets/COPY SPRIGHT/Comic Battle Royale/2D Character - Astronaut/Variant A using Guid(90f694900ee04d2f9df6fc6360b37fec) Importer(815301076,1909f56bfc062723c751e8b465ee728b)  -> (artifact id: 'ba47db444045d50b50978b2dcc9c6cc7') in 0.010908 seconds 
Number of asset objects unloaded after import = 0
========================================================================
Received Import Request.
  Time since last request: 11.020320 seconds.
  path: Assets/COPY SPRIGHT/Comic Battle Royale/2D Character - Astronaut/Variant A/Sprites/Character/duck/side/03.png
  artifactKey: Guid(7bd7d40a487647df912b645ce22f8c3c) Importer(815301076,1909f56bfc062723c751e8b465ee728b)
Number of updated assets reloaded before import = 0
Start importing Assets/COPY SPRIGHT/Comic Battle Royale/2D Character - Astronaut/Variant A/Sprites/Character/duck/side/03.png using Guid(7bd7d40a487647df912b645ce22f8c3c) Importer(815301076,1909f56bfc062723c751e8b465ee728b)  -> (artifact id: '1e829264bc9a13dedf0926f5b42f9cf1') in 0.097561 seconds 
Number of asset objects unloaded after import = 3
========================================================================
Received Import Request.
  Time since last request: 0.000019 seconds.
  path: Assets/COPY SPRIGHT/Comic Battle Royale/2D Character - Astronaut/Variant A/Sprites/Character/duck/side/16.png
  artifactKey: Guid(3a715fccf131468f924e13760200243b) Importer(815301076,1909f56bfc062723c751e8b465ee728b)
Number of updated assets reloaded before import = 0
Start importing Assets/COPY SPRIGHT/Comic Battle Royale/2D Character - Astronaut/Variant A/Sprites/Character/duck/side/16.png using Guid(3a715fccf131468f924e13760200243b) Importer(815301076,1909f56bfc062723c751e8b465ee728b)  -> (artifact id: '65e7b68b69c781726ede10ad32aa5a3a') in 0.035517 seconds 
Number of asset objects unloaded after import = 3
========================================================================
Received Import Request.
  Time since last request: 0.000029 seconds.
  path: Assets/COPY SPRIGHT/Comic Battle Royale/2D Character - Astronaut/Variant A/Sprites/Character/duck/side/20.png
  artifactKey: Guid(c53a1d4fc4334112ab98d707dcce8415) Importer(815301076,1909f56bfc062723c751e8b465ee728b)
Number of updated assets reloaded before import = 0
Start importing Assets/COPY SPRIGHT/Comic Battle Royale/2D Character - Astronaut/Variant A/Sprites/Character/duck/side/20.png using Guid(c53a1d4fc4334112ab98d707dcce8415) Importer(815301076,1909f56bfc062723c751e8b465ee728b)  -> (artifact id: '900f48cdfa3ca6d7db07e96c30054d10') in 0.039320 seconds 
Number of asset objects unloaded after import = 3
========================================================================
Received Import Request.
  Time since last request: 0.000016 seconds.
  path: Assets/COPY SPRIGHT/Comic Battle Royale/2D Character - Astronaut/Variant A/Sprites/Character/duck/side/18.png
  artifactKey: Guid(ef30593fc0db4b79b4a3c4be34707e81) Importer(815301076,1909f56bfc062723c751e8b465ee728b)
Number of updated assets reloaded before import = 0
Start importing Assets/COPY SPRIGHT/Comic Battle Royale/2D Character - Astronaut/Variant A/Sprites/Character/duck/side/18.png using Guid(ef30593fc0db4b79b4a3c4be34707e81) Importer(815301076,1909f56bfc062723c751e8b465ee728b)  -> (artifact id: '65f88f10cd446fd5b148ca8ac5aac20b') in 0.033722 seconds 
Number of asset objects unloaded after import = 3
========================================================================
Received Import Request.
  Time since last request: 0.000027 seconds.
  path: Assets/COPY SPRIGHT/Comic Battle Royale/2D Character - Astronaut/Variant A/Sprites/Character/duck/side/07.png
  artifactKey: Guid(c1645a16a10a485089dc9fe5798aa429) Importer(815301076,1909f56bfc062723c751e8b465ee728b)
Number of updated assets reloaded before import = 0
Start importing Assets/COPY SPRIGHT/Comic Battle Royale/2D Character - Astronaut/Variant A/Sprites/Character/duck/side/07.png using Guid(c1645a16a10a485089dc9fe5798aa429) Importer(815301076,1909f56bfc062723c751e8b465ee728b)  -> (artifact id: 'dd95bb53040ec9570c7b88e71812bea2') in 0.025311 seconds 
Number of asset objects unloaded after import = 3
========================================================================
Received Import Request.
  Time since last request: 0.000024 seconds.
  path: Assets/COPY SPRIGHT/Comic Battle Royale/2D Character - Astronaut/Variant A/Sprites/Character/duck/side/04.png
  artifactKey: Guid(9bf6c3f3648e4039a755d7c674430235) Importer(815301076,1909f56bfc062723c751e8b465ee728b)
Number of updated assets reloaded before import = 0
Start importing Assets/COPY SPRIGHT/Comic Battle Royale/2D Character - Astronaut/Variant A/Sprites/Character/duck/side/04.png using Guid(9bf6c3f3648e4039a755d7c674430235) Importer(815301076,1909f56bfc062723c751e8b465ee728b)  -> (artifact id: '6ab6ac16d358019549fc43b3a3ba3fa7') in 0.027997 seconds 
Number of asset objects unloaded after import = 3
========================================================================
Received Import Request.
  Time since last request: 0.000017 seconds.
  path: Assets/COPY SPRIGHT/Comic Battle Royale/2D Character - Astronaut/Variant A/Sprites/Character/duck/side/15.png
  artifactKey: Guid(2c2ba5c12bec4d08b3b7be25b6784ccc) Importer(815301076,1909f56bfc062723c751e8b465ee728b)
Number of updated assets reloaded before import = 0
Start importing Assets/COPY SPRIGHT/Comic Battle Royale/2D Character - Astronaut/Variant A/Sprites/Character/duck/side/15.png using Guid(2c2ba5c12bec4d08b3b7be25b6784ccc) Importer(815301076,1909f56bfc062723c751e8b465ee728b)  -> (artifact id: 'ba3005fc80ef0c61b478283db56b239b') in 0.027580 seconds 
Number of asset objects unloaded after import = 3
========================================================================
Received Import Request.
  Time since last request: 203.078341 seconds.
  path: Assets/COPY SPRIGHT/Comic Battle Royale/2D Character - Astronaut/Variant A/Sprites/Character/idle
  artifactKey: Guid(c17b60e9ebd245109373b71be1f759b4) Importer(815301076,1909f56bfc062723c751e8b465ee728b)
Number of updated assets reloaded before import = 0
Start importing Assets/COPY SPRIGHT/Comic Battle Royale/2D Character - Astronaut/Variant A/Sprites/Character/idle using Guid(c17b60e9ebd245109373b71be1f759b4) Importer(815301076,1909f56bfc062723c751e8b465ee728b)  -> (artifact id: '23916810bbc97b2513cc52fa500b25f8') in 0.007436 seconds 
Number of asset objects unloaded after import = 0
========================================================================
Received Import Request.
  Time since last request: 3.237616 seconds.
  path: Assets/COPY SPRIGHT/Comic Battle Royale/2D Character - Astronaut/Variant A/Sprites/Character/idle/down
  artifactKey: Guid(28ef9cbd2af34a9f890b56567dd80516) Importer(815301076,1909f56bfc062723c751e8b465ee728b)
Number of updated assets reloaded before import = 0
Start importing Assets/COPY SPRIGHT/Comic Battle Royale/2D Character - Astronaut/Variant A/Sprites/Character/idle/down using Guid(28ef9cbd2af34a9f890b56567dd80516) Importer(815301076,1909f56bfc062723c751e8b465ee728b)  -> (artifact id: 'd55169fd13fa008631a9e994b87d1b68') in 0.007515 seconds 
Number of asset objects unloaded after import = 0
========================================================================
Received Import Request.
  Time since last request: 0.044139 seconds.
  path: Assets/COPY SPRIGHT/Comic Battle Royale/2D Character - Astronaut/Variant A/Sprites/Character/idle/down/01.png
  artifactKey: Guid(1f2b808deed244e18d31ba3c25ad903b) Importer(815301076,1909f56bfc062723c751e8b465ee728b)
Number of updated assets reloaded before import = 0
Start importing Assets/COPY SPRIGHT/Comic Battle Royale/2D Character - Astronaut/Variant A/Sprites/Character/idle/down/01.png using Guid(1f2b808deed244e18d31ba3c25ad903b) Importer(815301076,1909f56bfc062723c751e8b465ee728b)  -> (artifact id: '4ebf07274e5889e5ad35cbc98e2e40da') in 0.022905 seconds 
Number of asset objects unloaded after import = 3
========================================================================
Received Import Request.
  Time since last request: 0.000018 seconds.
  path: Assets/COPY SPRIGHT/Comic Battle Royale/2D Character - Astronaut/Variant A/Sprites/Character/idle/down/13.png
  artifactKey: Guid(35e3a5955bcc4c42983d277f02301310) Importer(815301076,1909f56bfc062723c751e8b465ee728b)
Number of updated assets reloaded before import = 0
Start importing Assets/COPY SPRIGHT/Comic Battle Royale/2D Character - Astronaut/Variant A/Sprites/Character/idle/down/13.png using Guid(35e3a5955bcc4c42983d277f02301310) Importer(815301076,1909f56bfc062723c751e8b465ee728b)  -> (artifact id: '3d0e6ff5ce594b2b994d73ddcf2e5fc6') in 0.026670 seconds 
Number of asset objects unloaded after import = 3
========================================================================
Received Import Request.
  Time since last request: 0.000014 seconds.
  path: Assets/COPY SPRIGHT/Comic Battle Royale/2D Character - Astronaut/Variant A/Sprites/Character/idle/down/05.png
  artifactKey: Guid(4aaa03da07e349ed88f707ecf6e48f7e) Importer(815301076,1909f56bfc062723c751e8b465ee728b)
Number of updated assets reloaded before import = 0
Start importing Assets/COPY SPRIGHT/Comic Battle Royale/2D Character - Astronaut/Variant A/Sprites/Character/idle/down/05.png using Guid(4aaa03da07e349ed88f707ecf6e48f7e) Importer(815301076,1909f56bfc062723c751e8b465ee728b)  -> (artifact id: '7faa994e344bf514506a9c504f7cbc69') in 0.022378 seconds 
Number of asset objects unloaded after import = 3
========================================================================
Received Import Request.
  Time since last request: 0.000013 seconds.
  path: Assets/COPY SPRIGHT/Comic Battle Royale/2D Character - Astronaut/Variant A/Sprites/Character/idle/down/14.png
  artifactKey: Guid(79363507da254783b48c41142e566d6f) Importer(815301076,1909f56bfc062723c751e8b465ee728b)
Number of updated assets reloaded before import = 0
Start importing Assets/COPY SPRIGHT/Comic Battle Royale/2D Character - Astronaut/Variant A/Sprites/Character/idle/down/14.png using Guid(79363507da254783b48c41142e566d6f) Importer(815301076,1909f56bfc062723c751e8b465ee728b)  -> (artifact id: '49b15cbbd44ba67a81846700b77c5969') in 0.025462 seconds 
Number of asset objects unloaded after import = 3
========================================================================
Received Import Request.
  Time since last request: 0.000016 seconds.
  path: Assets/COPY SPRIGHT/Comic Battle Royale/2D Character - Astronaut/Variant A/Sprites/Character/idle/down/21.png
  artifactKey: Guid(8a7fa5ee982d41f59168a37a6a39b740) Importer(815301076,1909f56bfc062723c751e8b465ee728b)
Number of updated assets reloaded before import = 0
Start importing Assets/COPY SPRIGHT/Comic Battle Royale/2D Character - Astronaut/Variant A/Sprites/Character/idle/down/21.png using Guid(8a7fa5ee982d41f59168a37a6a39b740) Importer(815301076,1909f56bfc062723c751e8b465ee728b)  -> (artifact id: '955f7982a4e2bdd0c71da119e83d50b2') in 0.021689 seconds 
Number of asset objects unloaded after import = 3
========================================================================
Received Import Request.
  Time since last request: 0.000014 seconds.
  path: Assets/COPY SPRIGHT/Comic Battle Royale/2D Character - Astronaut/Variant A/Sprites/Character/idle/down/16.png
  artifactKey: Guid(ba6f329c497841979702d8911be4bfef) Importer(815301076,1909f56bfc062723c751e8b465ee728b)
Number of updated assets reloaded before import = 0
Start importing Assets/COPY SPRIGHT/Comic Battle Royale/2D Character - Astronaut/Variant A/Sprites/Character/idle/down/16.png using Guid(ba6f329c497841979702d8911be4bfef) Importer(815301076,1909f56bfc062723c751e8b465ee728b)  -> (artifact id: '60531a870650b970b8cc6061b5192de4') in 0.031771 seconds 
Number of asset objects unloaded after import = 3
========================================================================
Received Import Request.
  Time since last request: 0.000018 seconds.
  path: Assets/COPY SPRIGHT/Comic Battle Royale/2D Character - Astronaut/Variant A/Sprites/Character/idle/down/11.png
  artifactKey: Guid(63e0e644d9614e1cbd86f2b205af7cfa) Importer(815301076,1909f56bfc062723c751e8b465ee728b)
Number of updated assets reloaded before import = 0
Start importing Assets/COPY SPRIGHT/Comic Battle Royale/2D Character - Astronaut/Variant A/Sprites/Character/idle/down/11.png using Guid(63e0e644d9614e1cbd86f2b205af7cfa) Importer(815301076,1909f56bfc062723c751e8b465ee728b)  -> (artifact id: '186574c9cbd82f1f069130f1c4a232cd') in 0.027480 seconds 
Number of asset objects unloaded after import = 3
========================================================================
Received Import Request.
  Time since last request: 0.000027 seconds.
  path: Assets/COPY SPRIGHT/Comic Battle Royale/2D Character - Astronaut/Variant A/Sprites/Character/idle/down/17.png
  artifactKey: Guid(b07face15d8a482aa346b674823302ab) Importer(815301076,1909f56bfc062723c751e8b465ee728b)
Number of updated assets reloaded before import = 0
Start importing Assets/COPY SPRIGHT/Comic Battle Royale/2D Character - Astronaut/Variant A/Sprites/Character/idle/down/17.png using Guid(b07face15d8a482aa346b674823302ab) Importer(815301076,1909f56bfc062723c751e8b465ee728b)  -> (artifact id: '0885578515c162357f5594939b293758') in 0.026844 seconds 
Number of asset objects unloaded after import = 3
========================================================================
Received Import Request.
  Time since last request: 0.000015 seconds.
  path: Assets/COPY SPRIGHT/Comic Battle Royale/2D Character - Astronaut/Variant A/Sprites/Character/idle/down/20.png
  artifactKey: Guid(1af574e62e6b46c69ae00889bafbf9eb) Importer(815301076,1909f56bfc062723c751e8b465ee728b)
Number of updated assets reloaded before import = 0
Start importing Assets/COPY SPRIGHT/Comic Battle Royale/2D Character - Astronaut/Variant A/Sprites/Character/idle/down/20.png using Guid(1af574e62e6b46c69ae00889bafbf9eb) Importer(815301076,1909f56bfc062723c751e8b465ee728b)  -> (artifact id: '0d17e945e236cae3444ae78369cdf8df') in 0.027045 seconds 
Number of asset objects unloaded after import = 3
========================================================================
Received Import Request.
  Time since last request: 0.000014 seconds.
  path: Assets/COPY SPRIGHT/Comic Battle Royale/2D Character - Astronaut/Variant A/Sprites/Character/idle/down/18.png
  artifactKey: Guid(36bc14a36f5849f5a4e73824539669da) Importer(815301076,1909f56bfc062723c751e8b465ee728b)
Number of updated assets reloaded before import = 0
Start importing Assets/COPY SPRIGHT/Comic Battle Royale/2D Character - Astronaut/Variant A/Sprites/Character/idle/down/18.png using Guid(36bc14a36f5849f5a4e73824539669da) Importer(815301076,1909f56bfc062723c751e8b465ee728b)  -> (artifact id: 'bca58eff9d696a951307b2f9379de579') in 0.025759 seconds 
Number of asset objects unloaded after import = 3
========================================================================
Received Import Request.
  Time since last request: 0.000017 seconds.
  path: Assets/COPY SPRIGHT/Comic Battle Royale/2D Character - Astronaut/Variant A/Sprites/Character/idle/down/19.png
  artifactKey: Guid(2993d091693846d0ba44c06a0bffafb1) Importer(815301076,1909f56bfc062723c751e8b465ee728b)
Number of updated assets reloaded before import = 0
Start importing Assets/COPY SPRIGHT/Comic Battle Royale/2D Character - Astronaut/Variant A/Sprites/Character/idle/down/19.png using Guid(2993d091693846d0ba44c06a0bffafb1) Importer(815301076,1909f56bfc062723c751e8b465ee728b)  -> (artifact id: 'f7f8bc286a090afee04fcdf996e2e707') in 0.023504 seconds 
Number of asset objects unloaded after import = 3
========================================================================
Received Import Request.
  Time since last request: 0.000016 seconds.
  path: Assets/COPY SPRIGHT/Comic Battle Royale/2D Character - Astronaut/Variant A/Sprites/Character/idle/down/08.png
  artifactKey: Guid(4d275fd6e0f14372b9b363a649b955cc) Importer(815301076,1909f56bfc062723c751e8b465ee728b)
Number of updated assets reloaded before import = 0
Start importing Assets/COPY SPRIGHT/Comic Battle Royale/2D Character - Astronaut/Variant A/Sprites/Character/idle/down/08.png using Guid(4d275fd6e0f14372b9b363a649b955cc) Importer(815301076,1909f56bfc062723c751e8b465ee728b)  -> (artifact id: 'da15592908e875e2aab107a080a29409') in 0.024392 seconds 
Number of asset objects unloaded after import = 3
Editor requested this worker to shutdown with reason: Scaling down because of idle timeout
AssetImportWorker is now disconnected from the server
Process exiting
Exiting without the bug reporter. Application will terminate with return code 0